#
# A fatal error has been detected by the Java Runtime Environment:
#
#  EXCEPTION_ACCESS_VIOLATION (0xc0000005) at pc=0x6d0b6b30, pid=5052, tid=4636
#
# JRE version: 6.0_22-b04
# Java VM: Java HotSpot(TM) Client VM (17.1-b03 mixed mode windows-x86 )
# Problematic frame:
# C  [awt.dll+0xb6b30]
#
# If you would like to submit a bug report, please visit:
#   http://java.sun.com/webapps/bugreport/crash.jsp
# The crash happened outside the Java Virtual Machine in native code.
# See problematic frame for where to report the bug.
#

---------------  T H R E A D  ---------------

Current thread (0x24c96400):  JavaThread "AWT-Windows" daemon [_thread_in_native, id=4636, stack(0x265e0000,0x26fe0000)]

siginfo: ExceptionCode=0xc0000005, reading address 0x00000000

Registers:
EAX=0x26fdf524, EBX=0x24c23158, ECX=0x00000142, EDX=0x000000c0
ESP=0x26fdf50c, EBP=0x26fdf6b8, ESI=0x00000000, EDI=0x000000c0
EIP=0x6d0b6b30, EFLAGS=0x00010206

Top of Stack: (sp=0x26fdf50c)
0x26fdf50c:   26fdf524 00001000 000004ba 24c97940
0x26fdf51c:   00000015 000004ba 24c97940 6d0aed4b
0x26fdf52c:   00000000 24d7eebc 24c97940 24c97940
0x26fdf53c:   26fdf51c 26fdf6b8 000002ca 000004ba
0x26fdf54c:   24c97940 6d0b271f 44974000 44328000
0x26fdf55c:   000004ba 000002ca 24d7eea8 6d0b31e1
0x26fdf56c:   6d0b367d 00000000 00000000 000004ba
0x26fdf57c:   00000015 00009824 24c96518 00000001 

Instructions: (pc=0x6d0b6b30)
0x6d0b6b20:   05 00 20 00 00 50 c1 e2 05 8d 44 24 14 50 8b fa
0x6d0b6b30:   8b 16 57 c1 e1 05 51 56 ff 52 2c 85 c0 0f 8c 93 


Stack: [0x265e0000,0x26fe0000],  sp=0x26fdf50c,  free space=27fd26fdf028k
Native frames: (J=compiled Java code, j=interpreted, Vv=VM code, C=native code)
C  [awt.dll+0xb6b30]
C  [awt.dll+0x9c74c]
C  [USER32.dll+0x186ef]
C  [USER32.dll+0x18876]
C  [USER32.dll+0x170f4]
C  [USER32.dll+0x1738f]
C  [ntdll.dll+0x4627e]
C  [USER32.dll+0x192a9]

Java frames: (J=compiled Java code, j=interpreted, Vv=VM code)
j  sun.awt.windows.WToolkit.eventLoop()V+0
j  sun.awt.windows.WToolkit.run()V+52
j  java.lang.Thread.run()V+11
v  ~StubRoutines::call_stub

---------------  P R O C E S S  ---------------

Java Threads: ( => current thread )
  0x29d5c000 JavaThread "Thread-5" [_thread_blocked, id=4380, stack(0x330a0000,0x33aa0000)]
  0x298acc00 JavaThread "Timer-0" daemon [_thread_blocked, id=3272, stack(0x2e040000,0x2ea40000)]
  0x24b21400 JavaThread "WeakCollectionCleaner" daemon [_thread_blocked, id=4064, stack(0x26fe0000,0x279e0000)]
  0x24d25400 JavaThread "D3D Screen Updater" daemon [_thread_blocked, id=3216, stack(0x2c140000,0x2cb40000)]
  0x003e9800 JavaThread "DestroyJavaVM" [_thread_blocked, id=2660, stack(0x01a20000,0x02420000)]
  0x297f6800 JavaThread "TimerQueue" daemon [_thread_blocked, id=5908, stack(0x2aae0000,0x2b4e0000)]
  0x297f6400 JavaThread "AWT-EventQueue-0" [_thread_in_native, id=5440, stack(0x29fe0000,0x2a9e0000)]
=>0x24c96400 JavaThread "AWT-Windows" daemon [_thread_in_native, id=4636, stack(0x265e0000,0x26fe0000)]
  0x24c95c00 JavaThread "AWT-Shutdown" [_thread_blocked, id=1664, stack(0x25be0000,0x265e0000)]
  0x24c95000 JavaThread "Java2D Disposer" daemon [_thread_blocked, id=4720, stack(0x251e0000,0x25be0000)]
  0x02511c00 JavaThread "Low Memory Detector" daemon [_thread_blocked, id=1280, stack(0x23ef0000,0x248f0000)]
  0x0250e000 JavaThread "CompilerThread0" daemon [_thread_blocked, id=3548, stack(0x23ea0000,0x23ef0000)]
  0x0250d800 JavaThread "Attach Listener" daemon [_thread_blocked, id=3684, stack(0x234a0000,0x23ea0000)]
  0x0250b000 JavaThread "Signal Dispatcher" daemon [_thread_blocked, id=5084, stack(0x22aa0000,0x234a0000)]
  0x024d2000 JavaThread "Finalizer" daemon [_thread_blocked, id=4800, stack(0x220a0000,0x22aa0000)]
  0x024d0800 JavaThread "Reference Handler" daemon [_thread_blocked, id=5172, stack(0x216a0000,0x220a0000)]

Other Threads:
  0x024ce000 VMThread [stack: 0x012c0000,0x01310000] [id=2988]
  0x0251b000 WatcherThread [stack: 0x248f0000,0x24940000] [id=2920]

VM state:not at safepoint (normal execution)

VM Mutex/Monitor currently owned by a thread: None

Heap
 def new generation   total 24256K, used 24226K [0x04520000, 0x05f70000, 0x0ca70000)
  eden space 21568K,  99% used [0x04520000, 0x05a28b10, 0x05a30000)
  from space 2688K, 100% used [0x05cd0000, 0x05f70000, 0x05f70000)
  to   space 2688K,   0% used [0x05a30000, 0x05a30000, 0x05cd0000)
 tenured generation   total 53860K, used 21020K [0x0ca70000, 0x0ff09000, 0x1d520000)
   the space 53860K,  39% used [0x0ca70000, 0x0def7108, 0x0def7200, 0x0ff09000)
 compacting perm gen  total 28672K, used 28588K [0x1d520000, 0x1f120000, 0x21520000)
   the space 28672K,  99% used [0x1d520000, 0x1f10b3a0, 0x1f10b400, 0x1f120000)
No shared spaces configured.

Dynamic libraries:
0x00400000 - 0x00424000 	C:\RepastSimphony-2.0-beta\eclipse\jre\bin\javaw.exe
0x77180000 - 0x772bd000 	C:\Windows\SYSTEM32\ntdll.dll
0x75910000 - 0x759e4000 	C:\Windows\system32\kernel32.dll
0x75350000 - 0x7539a000 	C:\Windows\system32\KERNELBASE.dll
0x75670000 - 0x75710000 	C:\Windows\system32\ADVAPI32.dll
0x760b0000 - 0x7615c000 	C:\Windows\system32\msvcrt.dll
0x75d50000 - 0x75d69000 	C:\Windows\SYSTEM32\sechost.dll
0x759f0000 - 0x75a91000 	C:\Windows\system32\RPCRT4.dll
0x76160000 - 0x76229000 	C:\Windows\system32\USER32.dll
0x75d00000 - 0x75d4e000 	C:\Windows\system32\GDI32.dll
0x76050000 - 0x7605a000 	C:\Windows\system32\LPK.dll
0x755d0000 - 0x7566d000 	C:\Windows\system32\USP10.dll
0x77340000 - 0x7735f000 	C:\Windows\system32\IMM32.DLL
0x76460000 - 0x7652c000 	C:\Windows\system32\MSCTF.dll
0x7c340000 - 0x7c396000 	C:\RepastSimphony-2.0-beta\eclipse\jre\bin\msvcr71.dll
0x6d7f0000 - 0x6da97000 	C:\RepastSimphony-2.0-beta\eclipse\jre\bin\client\jvm.dll
0x73870000 - 0x738a2000 	C:\Windows\system32\WINMM.dll
0x75200000 - 0x7524b000 	C:\Windows\system32\apphelp.dll
0x6d7a0000 - 0x6d7ac000 	C:\RepastSimphony-2.0-beta\eclipse\jre\bin\verify.dll
0x6d320000 - 0x6d33f000 	C:\RepastSimphony-2.0-beta\eclipse\jre\bin\java.dll
0x6d280000 - 0x6d288000 	C:\RepastSimphony-2.0-beta\eclipse\jre\bin\hpi.dll
0x773a0000 - 0x773a5000 	C:\Windows\system32\PSAPI.DLL
0x6d7e0000 - 0x6d7ef000 	C:\RepastSimphony-2.0-beta\eclipse\jre\bin\zip.dll
0x6d000000 - 0x6d14a000 	C:\RepastSimphony-2.0-beta\eclipse\jre\bin\awt.dll
0x729b0000 - 0x72a01000 	C:\Windows\system32\WINSPOOL.DRV
0x75ab0000 - 0x75c0c000 	C:\Windows\system32\ole32.dll
0x73f90000 - 0x7412e000 	C:\Windows\WinSxS\x86_microsoft.windows.common-controls_6595b64144ccf1df_6.0.7600.16661_none_420fe3fa2b8113bd\COMCTL32.dll
0x75c10000 - 0x75c67000 	C:\Windows\system32\SHLWAPI.dll
0x73c20000 - 0x73c33000 	C:\Windows\system32\DWMAPI.DLL
0x73f10000 - 0x73f50000 	C:\Windows\system32\uxtheme.dll
0x75250000 - 0x7525c000 	C:\Windows\system32\CRYPTBASE.dll
0x66ec0000 - 0x67083000 	C:\Windows\system32\d3d9.dll
0x74720000 - 0x74729000 	C:\Windows\system32\VERSION.dll
0x67bd0000 - 0x67bd6000 	C:\Windows\system32\d3d8thk.dll
0x718c0000 - 0x7226a000 	C:\Windows\system32\nvd3dum.dll
0x742a0000 - 0x742c5000 	C:\Windows\system32\powrprof.dll
0x75d70000 - 0x75f0d000 	C:\Windows\system32\SETUPAPI.dll
0x75460000 - 0x75487000 	C:\Windows\system32\CFGMGR32.dll
0x762d0000 - 0x7635f000 	C:\Windows\system32\OLEAUT32.dll
0x755b0000 - 0x755c2000 	C:\Windows\system32\DEVOBJ.dll
0x6d230000 - 0x6d27f000 	C:\RepastSimphony-2.0-beta\eclipse\jre\bin\fontmanager.dll
0x76530000 - 0x77179000 	C:\Windows\system32\shell32.dll
0x6d600000 - 0x6d613000 	C:\RepastSimphony-2.0-beta\eclipse\jre\bin\net.dll
0x77360000 - 0x77395000 	C:\Windows\system32\WS2_32.dll
0x75aa0000 - 0x75aa6000 	C:\Windows\system32\NSI.dll
0x74d30000 - 0x74d6c000 	C:\Windows\system32\mswsock.dll
0x74d10000 - 0x74d16000 	C:\Windows\System32\wship6.dll
0x6d620000 - 0x6d629000 	C:\RepastSimphony-2.0-beta\eclipse\jre\bin\nio.dll
0x75c70000 - 0x75cf3000 	C:\Windows\system32\CLBCatQ.DLL
0x74c10000 - 0x74c26000 	C:\Windows\system32\CRYPTSP.dll
0x74ac0000 - 0x74afb000 	C:\Windows\system32\rsaenh.dll
0x74890000 - 0x748a7000 	C:\Windows\system32\USERENV.dll
0x752d0000 - 0x752db000 	C:\Windows\system32\profapi.dll
0x73ae0000 - 0x73af0000 	C:\Windows\system32\NLAapi.dll
0x74bc0000 - 0x74c04000 	C:\Windows\system32\DNSAPI.dll
0x705a0000 - 0x705a8000 	C:\Windows\System32\winrnr.dll
0x70590000 - 0x705a0000 	C:\Windows\system32\napinsp.dll
0x70340000 - 0x70352000 	C:\Windows\system32\pnrpnsp.dll
0x707f0000 - 0x70815000 	C:\Program Files\Bonjour\mdnsNSP.dll
0x73500000 - 0x7351c000 	C:\Windows\system32\Iphlpapi.DLL
0x73260000 - 0x73267000 	C:\Windows\system32\WINNSI.DLL
0x747b0000 - 0x747b5000 	C:\Windows\System32\wshtcpip.dll
0x707e0000 - 0x707e6000 	C:\Windows\system32\rasadhlp.dll
0x71270000 - 0x712a8000 	C:\Windows\System32\fwpuclnt.dll
0x2b6f0000 - 0x2b73d000 	C:\RepastSimphony-2.0-beta\eclipse\jre\bin\jogl.dll
0x5d1c0000 - 0x5d288000 	C:\Windows\system32\OPENGL32.dll
0x73130000 - 0x73152000 	C:\Windows\system32\GLU32.dll
0x72540000 - 0x72627000 	C:\Windows\system32\DDRAW.dll
0x738f0000 - 0x738f6000 	C:\Windows\system32\DCIMAN32.dll
0x6d440000 - 0x6d465000 	C:\RepastSimphony-2.0-beta\eclipse\jre\bin\jpeg.dll
0x6d350000 - 0x6d356000 	C:\RepastSimphony-2.0-beta\eclipse\jre\bin\jawt.dll
0x25140000 - 0x25145000 	C:\RepastSimphony-2.0-beta\eclipse\jre\bin\jogl_awt.dll
0x69500000 - 0x6a37a000 	C:\Windows\system32\nvoglv32.DLL
0x75430000 - 0x7545d000 	C:\Windows\system32\WINTRUST.dll
0x75490000 - 0x755ac000 	C:\Windows\system32\CRYPT32.dll
0x75340000 - 0x7534c000 	C:\Windows\system32\MSASN1.dll

VM Arguments:
jvm_args: -Xss10M -Xmx400M -Dfile.encoding=Cp1252 
java_command: repast.simphony.runtime.RepastMain C:\RepastSimphony-2.0-beta\workspace\Cascade/Cascade.rs
Launcher Type: SUN_STANDARD

Environment Variables:
CLASSPATH=.;C:\Program Files\Java\jre6\lib\ext\QTJava.zip
PATH=C:/RepastSimphony-2.0-beta/eclipse/jre/bin/client;C:/RepastSimphony-2.0-beta/eclipse/jre/bin;C:/RepastSimphony-2.0-beta/eclipse/jre/lib/i386;C:\Program Files\NVIDIA Corporation\PhysX\Common;C:\Windows\system32;C:\Windows;C:\Windows\System32\Wbem;C:\Windows\System32\WindowsPowerShell\v1.0\;C:\Program Files\Intel\DMIX;C:\Program Files\QuickTime\QTSystem\
USERNAME=bmahda00
OS=Windows_NT
PROCESSOR_IDENTIFIER=x86 Family 6 Model 30 Stepping 5, GenuineIntel



---------------  S Y S T E M  ---------------

OS: Windows 7 Build 7600 

CPU:total 8 (8 cores per cpu, 2 threads per core) family 6 model 30 stepping 5, cmov, cx8, fxsr, mmx, sse, sse2, sse3, ssse3, sse4.1, sse4.2, popcnt, ht

Memory: 4k page, physical 3603752k(915012k free), swap 7205740k(2961764k free)

vm_info: Java HotSpot(TM) Client VM (17.1-b03) for windows-x86 JRE (1.6.0_22-b04), built on Sep 15 2010 00:56:36 by "java_re" with MS VC++ 7.1 (VS2003)

time: Fri Jun 03 14:06:00 2011
elapsed time: 4482 seconds

