#
# An unexpected error has been detected by Java Runtime Environment:
#
# java.lang.OutOfMemoryError: requested 32768000 bytes for GrET in C:\BUILD_AREA\jdk6_06\hotspot\src\share\vm\utilities\growableArray.cpp. Out of swap space?
#
#  Internal Error (allocation.inline.hpp:42), pid=18776, tid=10516
#  Error: GrET in C:\BUILD_AREA\jdk6_06\hotspot\src\share\vm\utilities\growableArray.cpp
#
# Java VM: Java HotSpot(TM) Client VM (10.0-b22 mixed mode windows-x86)
# If you would like to submit a bug report, please visit:
#   http://java.sun.com/webapps/bugreport/crash.jsp
#

---------------  T H R E A D  ---------------

Current thread (0x6ba20800):  VMThread [stack: 0x6bab0000,0x6bb00000] [id=10516]

Stack: [0x6bab0000,0x6bb00000]
[error occurred during error reporting (printing stack bounds), id 0x80000001]

VM_Operation (0x72c3ef58): GenCollectForAllocation, mode: safepoint, requested by thread 0x6d6ecc00


---------------  P R O C E S S  ---------------

Java Threads: ( => current thread )
  0x74993400 JavaThread "Timer-0" daemon [_thread_blocked, id=17560, stack(0x755f0000,0x75ff0000)]
  0x6d118400 JavaThread "WeakCollectionCleaner" daemon [_thread_blocked, id=14840, stack(0x71740000,0x72140000)]
  0x00396400 JavaThread "DestroyJavaVM" [_thread_blocked, id=14920, stack(0x008c0000,0x012c0000)]
  0x6d6ecc00 JavaThread "AWT-EventQueue-0" [_thread_blocked, id=2228, stack(0x72240000,0x72c40000)]
  0x6d513000 JavaThread "AWT-Shutdown" [_thread_blocked, id=19424, stack(0x70340000,0x70d40000)]
  0x6d686400 JavaThread "TimerQueue" daemon [_thread_blocked, id=15600, stack(0x73bd0000,0x745d0000)]
  0x6d4e0c00 JavaThread "AWT-Windows" daemon [_thread_in_native, id=12616, stack(0x70d40000,0x71740000)]
  0x6d4d3800 JavaThread "Java2D Disposer" daemon [_thread_blocked, id=11516, stack(0x6f940000,0x70340000)]
  0x6ba3f400 JavaThread "Low Memory Detector" daemon [_thread_blocked, id=6068, stack(0x6ee10000,0x6f810000)]
  0x6ba39c00 JavaThread "CompilerThread0" daemon [_thread_blocked, id=7688, stack(0x6cf00000,0x6cf50000)]
  0x6ba38c00 JavaThread "Attach Listener" daemon [_thread_blocked, id=15728, stack(0x6e410000,0x6ee10000)]
  0x6ba37c00 JavaThread "Signal Dispatcher" daemon [_thread_blocked, id=17552, stack(0x6da10000,0x6e410000)]
  0x6ba29800 JavaThread "Finalizer" daemon [_thread_blocked, id=18536, stack(0x6c500000,0x6cf00000)]
  0x6ba25400 JavaThread "Reference Handler" daemon [_thread_blocked, id=20428, stack(0x6bb00000,0x6c500000)]

Other Threads:
=>0x6ba20800 VMThread [stack: 0x6bab0000,0x6bb00000] [id=10516]
  0x6ba51400 WatcherThread [stack: 0x6cf50000,0x6cfa0000] [id=19996]

VM state:at safepoint (normal execution)

VM Mutex/Monitor currently owned by a thread:  ([mutex/lock_event])
[0x00395948/0x00004710] Threads_lock - owner thread: 0x6ba20800
[0x00395ae8/0x000046d0] Heap_lock - owner thread: 0x6d6ecc00

Heap
 def new generation   total 110016K, used 110015K [0x03340000, 0x0aaa0000, 0x0ae50000)
  eden space 97792K, 100% used [0x03340000, 0x092c0000, 0x092c0000)
  from space 12224K,  99% used [0x09eb0000, 0x0aa9fff8, 0x0aaa0000)
  to   space 12224K,   0% used [0x092c0000, 0x092c0000, 0x09eb0000)
 tenured generation   total 1466380K, used 1445027K [0x0ae50000, 0x64653000, 0x67340000)
   the space 1466380K,  98% used [0x0ae50000, 0x63178d58, 0x63178e00, 0x64653000)
 compacting perm gen  total 25344K, used 25112K [0x67340000, 0x68c00000, 0x6b340000)
   the space 25344K,  99% used [0x67340000, 0x68bc6218, 0x68bc6400, 0x68c00000)
No shared spaces configured.

Dynamic libraries:
0x00400000 - 0x00423000 	C:\Program Files\RepastSimphony-1.2.0\eclipse\jre\bin\javaw.exe
0x7c900000 - 0x7c9b2000 	C:\WINDOWS\system32\ntdll.dll
0x7c800000 - 0x7c8f6000 	C:\WINDOWS\system32\kernel32.dll
0x77dd0000 - 0x77e6b000 	C:\WINDOWS\system32\ADVAPI32.dll
0x77e70000 - 0x77f03000 	C:\WINDOWS\system32\RPCRT4.dll
0x77fe0000 - 0x77ff1000 	C:\WINDOWS\system32\Secur32.dll
0x7e410000 - 0x7e4a1000 	C:\WINDOWS\system32\USER32.dll
0x77f10000 - 0x77f59000 	C:\WINDOWS\system32\GDI32.dll
0x76390000 - 0x763ad000 	C:\WINDOWS\system32\IMM32.DLL
0x7c340000 - 0x7c396000 	C:\Program Files\RepastSimphony-1.2.0\eclipse\jre\bin\msvcr71.dll
0x6d7c0000 - 0x6da10000 	C:\Program Files\RepastSimphony-1.2.0\eclipse\jre\bin\client\jvm.dll
0x76b40000 - 0x76b6d000 	C:\WINDOWS\system32\WINMM.dll
0x6d270000 - 0x6d278000 	C:\Program Files\RepastSimphony-1.2.0\eclipse\jre\bin\hpi.dll
0x76bf0000 - 0x76bfb000 	C:\WINDOWS\system32\PSAPI.DLL
0x6d770000 - 0x6d77c000 	C:\Program Files\RepastSimphony-1.2.0\eclipse\jre\bin\verify.dll
0x6d310000 - 0x6d32f000 	C:\Program Files\RepastSimphony-1.2.0\eclipse\jre\bin\java.dll
0x6d7b0000 - 0x6d7bf000 	C:\Program Files\RepastSimphony-1.2.0\eclipse\jre\bin\zip.dll
0x6f810000 - 0x6f93e000 	C:\Program Files\RepastSimphony-1.2.0\eclipse\jre\bin\awt.dll
0x73000000 - 0x73026000 	C:\WINDOWS\system32\WINSPOOL.DRV
0x77c10000 - 0x77c68000 	C:\WINDOWS\system32\msvcrt.dll
0x774e0000 - 0x7761e000 	C:\WINDOWS\system32\ole32.dll
0x6d1c0000 - 0x6d1f8000 	C:\WINDOWS\system32\uxtheme.dll
0x73760000 - 0x737ab000 	C:\WINDOWS\system32\ddraw.dll
0x73bc0000 - 0x73bc6000 	C:\WINDOWS\system32\DCIMAN32.dll
0x74720000 - 0x7476c000 	C:\WINDOWS\system32\MSCTF.dll
0x755c0000 - 0x755ee000 	C:\WINDOWS\system32\msctfime.ime
0x72140000 - 0x72193000 	C:\Program Files\RepastSimphony-1.2.0\eclipse\jre\bin\fontmanager.dll
0x7c9c0000 - 0x7d1d7000 	C:\WINDOWS\system32\shell32.dll
0x77f60000 - 0x77fd6000 	C:\WINDOWS\system32\SHLWAPI.dll
0x773d0000 - 0x774d3000 	C:\WINDOWS\WinSxS\x86_Microsoft.Windows.Common-Controls_6595b64144ccf1df_6.0.2600.6028_x-ww_61e65202\comctl32.dll
0x721a0000 - 0x7223a000 	C:\WINDOWS\system32\comctl32.dll
0x6d2f0000 - 0x6d303000 	C:\Program Files\RepastSimphony-1.2.0\eclipse\jre\bin\net.dll
0x6d730000 - 0x6d747000 	C:\WINDOWS\system32\WS2_32.dll
0x6d750000 - 0x6d758000 	C:\WINDOWS\system32\WS2HELP.dll
0x6d760000 - 0x6d769000 	C:\Program Files\RepastSimphony-1.2.0\eclipse\jre\bin\nio.dll
0x73680000 - 0x736af000 	C:\Program Files\RepastSimphony-1.2.0\eclipse\jre\bin\cmm.dll
0x736b0000 - 0x736d4000 	C:\Program Files\RepastSimphony-1.2.0\eclipse\jre\bin\jpeg.dll
0x736e0000 - 0x73703000 	C:\Program Files\RepastSimphony-1.2.0\eclipse\jre\bin\dcpr.dll

VM Arguments:
jvm_args: -Xss10M -Xmx1600M -Dfile.encoding=Cp1252 
java_command: repast.simphony.runtime.RepastMain C:\Program Files\RepastSimphony-1.2.0\workspace\Prosumer model/prosumermodel.rs
Launcher Type: SUN_STANDARD

Environment Variables:
CLASSPATH=.;C:\Program Files\Java\jre6\lib\ext\QTJava.zip; C:\Program Files\InitialModel\repast.simphony\ext\jogl.jar
PATH=C:/Program Files/RepastSimphony-1.2.0/eclipse/jre/bin/client;C:/Program Files/RepastSimphony-1.2.0/eclipse/jre/bin;C:\WINDOWS\system32;C:\WINDOWS;C:\WINDOWS\System32\Wbem;C:\Program Files\ATI Technologies\ATI.ACE\;c:\Program Files\Common Files\Roxio Shared\DLLShared\;c:\Program Files\Common Files\Roxio Shared\10.0\DLLShared\;C:\Program Files\ZipGenius 6\;C:\Program Files\QuickTime\QTSystem\;C:\Program Files\Git\cmd;C:\Program Files\SSH Communications Security\SSH Secure Shell;C:\mapnik-0.7.1\lib
USERNAME=jsnape
OS=Windows_NT
PROCESSOR_IDENTIFIER=x86 Family 6 Model 23 Stepping 10, GenuineIntel



---------------  S Y S T E M  ---------------

OS: Windows XP Build 2600 Service Pack 3

CPU:total 2 (2 cores per cpu, 1 threads per core) family 6 model 7 stepping 10, cmov, cx8, fxsr, mmx, sse, sse2, sse3, ssse3

Memory: 4k page, physical 2097151k(9012k free), swap 4194303k(1488180k free)

vm_info: Java HotSpot(TM) Client VM (10.0-b22) for windows-x86 JRE (1.6.0_06-b02), built on Mar 25 2008 01:22:05 by "java_re" with MS VC++ 7.1

time: Tue Nov 16 17:08:09 2010
elapsed time: 56 seconds

