#
# A fatal error has been detected by the Java Runtime Environment:
#
#  EXCEPTION_ACCESS_VIOLATION (0xc0000005) at pc=0x6d0b6b30, pid=6212, tid=7516
#
# JRE version: 6.0_22-b04
# Java VM: Java HotSpot(TM) Client VM (17.1-b03 mixed mode windows-x86 )
# Problematic frame:
# C  [awt.dll+0xb6b30]
#
# If you would like to submit a bug report, please visit:
#   http://java.sun.com/webapps/bugreport/crash.jsp
# The crash happened outside the Java Virtual Machine in native code.
# See problematic frame for where to report the bug.
#

---------------  T H R E A D  ---------------

Current thread (0x02513800):  JavaThread "AWT-Windows" daemon [_thread_in_native, id=7516, stack(0x26630000,0x27030000)]

siginfo: ExceptionCode=0xc0000005, reading address 0x00000000

Registers:
EAX=0x2702f524, EBX=0x24c6d7d8, ECX=0x00000314, EDX=0x000000c0
ESP=0x2702f50c, EBP=0x2702f6b8, ESI=0x00000000, EDI=0x000000c0
EIP=0x6d0b6b30, EFLAGS=0x00010206

Top of Stack: (sp=0x2702f50c)
0x2702f50c:   2702f524 00001000 000004ba 24ca79a8
0x2702f51c:   00000015 000004ba 24ca79a8 6d0aed4b
0x2702f52c:   00000000 24d954ac 24ca79a8 24ca79a8
0x2702f53c:   2702f51c 2702f6b8 00000242 000004ba
0x2702f54c:   24ca79a8 6d0b271f 44974000 44108000
0x2702f55c:   000004ba 00000242 24d95498 6d0b31e1
0x2702f56c:   6d0b367d 00000000 00000000 000004ba
0x2702f57c:   00000015 00009824 02513918 00000001 

Instructions: (pc=0x6d0b6b30)
0x6d0b6b20:   05 00 20 00 00 50 c1 e2 05 8d 44 24 14 50 8b fa
0x6d0b6b30:   8b 16 57 c1 e1 05 51 56 ff 52 2c 85 c0 0f 8c 93 


Stack: [0x26630000,0x27030000],  sp=0x2702f50c,  free space=27fd2702f028k
Native frames: (J=compiled Java code, j=interpreted, Vv=VM code, C=native code)
C  [awt.dll+0xb6b30]
C  [awt.dll+0x9c74c]
C  [USER32.dll+0x186ef]
C  [USER32.dll+0x18876]
C  [USER32.dll+0x170f4]
C  [USER32.dll+0x1738f]
C  [ntdll.dll+0x4627e]
C  [USER32.dll+0x192a9]

Java frames: (J=compiled Java code, j=interpreted, Vv=VM code)
j  sun.awt.windows.WToolkit.eventLoop()V+0
j  sun.awt.windows.WToolkit.run()V+52
j  java.lang.Thread.run()V+11
v  ~StubRoutines::call_stub

---------------  P R O C E S S  ---------------

Java Threads: ( => current thread )
  0x02516000 JavaThread "Thread-5" [_thread_blocked, id=7400, stack(0x338e0000,0x342e0000)]
  0x02515c00 JavaThread "Timer-0" daemon [_thread_blocked, id=7780, stack(0x2eee0000,0x2f8e0000)]
  0x02513c00 JavaThread "WeakCollectionCleaner" daemon [_thread_blocked, id=7960, stack(0x2e4e0000,0x2eee0000)]
  0x02515400 JavaThread "D3D Screen Updater" daemon [_thread_blocked, id=4180, stack(0x2c2c0000,0x2ccc0000)]
  0x02515000 JavaThread "DestroyJavaVM" [_thread_blocked, id=3296, stack(0x01a30000,0x02430000)]
  0x02514800 JavaThread "TimerQueue" daemon [_thread_blocked, id=3816, stack(0x2ab90000,0x2b590000)]
  0x02514400 JavaThread "AWT-EventQueue-0" [_thread_in_native, id=6988, stack(0x2a090000,0x2aa90000)]
=>0x02513800 JavaThread "AWT-Windows" daemon [_thread_in_native, id=7516, stack(0x26630000,0x27030000)]
  0x02513000 JavaThread "AWT-Shutdown" [_thread_blocked, id=5920, stack(0x25c30000,0x26630000)]
  0x02512c00 JavaThread "Java2D Disposer" daemon [_thread_blocked, id=6552, stack(0x25230000,0x25c30000)]
  0x02512400 JavaThread "Low Memory Detector" daemon [_thread_blocked, id=7024, stack(0x23ec0000,0x248c0000)]
  0x0251d000 JavaThread "CompilerThread0" daemon [_thread_blocked, id=6328, stack(0x23e70000,0x23ec0000)]
  0x02512000 JavaThread "Attach Listener" daemon [_thread_blocked, id=7984, stack(0x23470000,0x23e70000)]
  0x02511800 JavaThread "Signal Dispatcher" daemon [_thread_blocked, id=1568, stack(0x22a70000,0x23470000)]
  0x024e5400 JavaThread "Finalizer" daemon [_thread_blocked, id=3620, stack(0x22070000,0x22a70000)]
  0x024e0c00 JavaThread "Reference Handler" daemon [_thread_blocked, id=7568, stack(0x21670000,0x22070000)]

Other Threads:
  0x024de400 VMThread [stack: 0x21620000,0x21670000] [id=7856]
  0x248d0c00 WatcherThread [stack: 0x24ac0000,0x24b10000] [id=7084]

VM state:not at safepoint (normal execution)

VM Mutex/Monitor currently owned by a thread: None

Heap
 def new generation   total 23424K, used 18238K [0x04530000, 0x05e90000, 0x0ca80000)
  eden space 20864K,  87% used [0x04530000, 0x056ffa28, 0x05990000)
  from space 2560K,   0% used [0x05990000, 0x05990000, 0x05c10000)
  to   space 2560K,   0% used [0x05c10000, 0x05c10000, 0x05e90000)
 tenured generation   total 51848K, used 11384K [0x0ca80000, 0x0fd22000, 0x1d530000)
   the space 51848K,  21% used [0x0ca80000, 0x0d59e1b8, 0x0d59e200, 0x0fd22000)
 compacting perm gen  total 28672K, used 28644K [0x1d530000, 0x1f130000, 0x21530000)
   the space 28672K,  99% used [0x1d530000, 0x1f1291d0, 0x1f129200, 0x1f130000)
No shared spaces configured.

Dynamic libraries:
0x00400000 - 0x00424000 	C:\RepastSimphony-2.0-beta\eclipse\jre\bin\javaw.exe
0x77240000 - 0x7737d000 	C:\Windows\SYSTEM32\ntdll.dll
0x758b0000 - 0x75984000 	C:\Windows\system32\kernel32.dll
0x75410000 - 0x7545a000 	C:\Windows\system32\KERNELBASE.dll
0x756e0000 - 0x75780000 	C:\Windows\system32\ADVAPI32.dll
0x77190000 - 0x7723c000 	C:\Windows\system32\msvcrt.dll
0x773d0000 - 0x773e9000 	C:\Windows\SYSTEM32\sechost.dll
0x75ca0000 - 0x75d41000 	C:\Windows\system32\RPCRT4.dll
0x75780000 - 0x75849000 	C:\Windows\system32\USER32.dll
0x75690000 - 0x756de000 	C:\Windows\system32\GDI32.dll
0x773f0000 - 0x773fa000 	C:\Windows\system32\LPK.dll
0x75e30000 - 0x75ecd000 	C:\Windows\system32\USP10.dll
0x773a0000 - 0x773bf000 	C:\Windows\system32\IMM32.DLL
0x76470000 - 0x7653c000 	C:\Windows\system32\MSCTF.dll
0x7c340000 - 0x7c396000 	C:\RepastSimphony-2.0-beta\eclipse\jre\bin\msvcr71.dll
0x6d7f0000 - 0x6da97000 	C:\RepastSimphony-2.0-beta\eclipse\jre\bin\client\jvm.dll
0x73690000 - 0x736c2000 	C:\Windows\system32\WINMM.dll
0x752c0000 - 0x7530b000 	C:\Windows\system32\apphelp.dll
0x6d7a0000 - 0x6d7ac000 	C:\RepastSimphony-2.0-beta\eclipse\jre\bin\verify.dll
0x6d320000 - 0x6d33f000 	C:\RepastSimphony-2.0-beta\eclipse\jre\bin\java.dll
0x6d280000 - 0x6d288000 	C:\RepastSimphony-2.0-beta\eclipse\jre\bin\hpi.dll
0x77380000 - 0x77385000 	C:\Windows\system32\PSAPI.DLL
0x6d7e0000 - 0x6d7ef000 	C:\RepastSimphony-2.0-beta\eclipse\jre\bin\zip.dll
0x6d000000 - 0x6d14a000 	C:\RepastSimphony-2.0-beta\eclipse\jre\bin\awt.dll
0x729b0000 - 0x72a01000 	C:\Windows\system32\WINSPOOL.DRV
0x75ed0000 - 0x7602c000 	C:\Windows\system32\ole32.dll
0x740c0000 - 0x7425e000 	C:\Windows\WinSxS\x86_microsoft.windows.common-controls_6595b64144ccf1df_6.0.7600.16661_none_420fe3fa2b8113bd\COMCTL32.dll
0x75c40000 - 0x75c97000 	C:\Windows\system32\SHLWAPI.dll
0x73ce0000 - 0x73cf3000 	C:\Windows\system32\DWMAPI.DLL
0x742c0000 - 0x74300000 	C:\Windows\system32\uxtheme.dll
0x75310000 - 0x7531c000 	C:\Windows\system32\CRYPTBASE.dll
0x51c70000 - 0x51e33000 	C:\Windows\system32\d3d9.dll
0x747e0000 - 0x747e9000 	C:\Windows\system32\VERSION.dll
0x73980000 - 0x73986000 	C:\Windows\system32\d3d8thk.dll
0x69f90000 - 0x6a93a000 	C:\Windows\system32\nvd3dum.dll
0x74460000 - 0x74485000 	C:\Windows\system32\powrprof.dll
0x75aa0000 - 0x75c3d000 	C:\Windows\system32\SETUPAPI.dll
0x75660000 - 0x75687000 	C:\Windows\system32\CFGMGR32.dll
0x75d50000 - 0x75ddf000 	C:\Windows\system32\OLEAUT32.dll
0x75460000 - 0x75472000 	C:\Windows\system32\DEVOBJ.dll
0x6d230000 - 0x6d27f000 	C:\RepastSimphony-2.0-beta\eclipse\jre\bin\fontmanager.dll
0x76540000 - 0x77189000 	C:\Windows\system32\shell32.dll
0x6d600000 - 0x6d613000 	C:\RepastSimphony-2.0-beta\eclipse\jre\bin\net.dll
0x77400000 - 0x77435000 	C:\Windows\system32\WS2_32.dll
0x773c0000 - 0x773c6000 	C:\Windows\system32\NSI.dll
0x74e80000 - 0x74ebc000 	C:\Windows\system32\mswsock.dll
0x74e70000 - 0x74e76000 	C:\Windows\System32\wship6.dll
0x6d620000 - 0x6d629000 	C:\RepastSimphony-2.0-beta\eclipse\jre\bin\nio.dll
0x75a10000 - 0x75a93000 	C:\Windows\system32\CLBCatQ.DLL
0x74ec0000 - 0x74ed6000 	C:\Windows\system32\CRYPTSP.dll
0x74bb0000 - 0x74beb000 	C:\Windows\system32\rsaenh.dll
0x74950000 - 0x74967000 	C:\Windows\system32\USERENV.dll
0x75390000 - 0x7539b000 	C:\Windows\system32\profapi.dll
0x73940000 - 0x73950000 	C:\Windows\system32\NLAapi.dll
0x74c90000 - 0x74cd4000 	C:\Windows\system32\DNSAPI.dll
0x70420000 - 0x70428000 	C:\Windows\System32\winrnr.dll
0x70410000 - 0x70420000 	C:\Windows\system32\napinsp.dll
0x703f0000 - 0x70402000 	C:\Windows\system32\pnrpnsp.dll
0x70810000 - 0x70835000 	C:\Program Files\Bonjour\mdnsNSP.dll
0x73350000 - 0x7336c000 	C:\Windows\system32\Iphlpapi.DLL
0x73320000 - 0x73327000 	C:\Windows\system32\WINNSI.DLL
0x74870000 - 0x74875000 	C:\Windows\System32\wshtcpip.dll
0x70860000 - 0x70866000 	C:\Windows\system32\rasadhlp.dll
0x711c0000 - 0x711f8000 	C:\Windows\System32\fwpuclnt.dll
0x27310000 - 0x2735d000 	C:\RepastSimphony-2.0-beta\eclipse\jre\bin\jogl.dll
0x27410000 - 0x274d8000 	C:\Windows\system32\OPENGL32.dll
0x58860000 - 0x58882000 	C:\Windows\system32\GLU32.dll
0x6aa00000 - 0x6aae7000 	C:\Windows\system32\DDRAW.dll
0x6a9f0000 - 0x6a9f6000 	C:\Windows\system32\DCIMAN32.dll
0x6d440000 - 0x6d465000 	C:\RepastSimphony-2.0-beta\eclipse\jre\bin\jpeg.dll
0x6d350000 - 0x6d356000 	C:\RepastSimphony-2.0-beta\eclipse\jre\bin\jawt.dll
0x27290000 - 0x27295000 	C:\RepastSimphony-2.0-beta\eclipse\jre\bin\jogl_awt.dll
0x34ce0000 - 0x35b5a000 	C:\Windows\system32\nvoglv32.DLL
0x755a0000 - 0x755cd000 	C:\Windows\system32\WINTRUST.dll
0x75480000 - 0x7559c000 	C:\Windows\system32\CRYPT32.dll
0x75400000 - 0x7540c000 	C:\Windows\system32\MSASN1.dll

VM Arguments:
jvm_args: -Xss10M -Xmx400M -Dfile.encoding=Cp1252 
java_command: repast.simphony.runtime.RepastMain C:\RepastSimphony-2.0-beta\workspace\Cascade/Cascade.rs
Launcher Type: SUN_STANDARD

Environment Variables:
CLASSPATH=.;C:\Program Files\Java\jre6\lib\ext\QTJava.zip
PATH=C:/RepastSimphony-2.0-beta/eclipse/jre/bin/client;C:/RepastSimphony-2.0-beta/eclipse/jre/bin;C:/RepastSimphony-2.0-beta/eclipse/jre/lib/i386;C:\Program Files\NVIDIA Corporation\PhysX\Common;C:\Windows\system32;C:\Windows;C:\Windows\System32\Wbem;C:\Windows\System32\WindowsPowerShell\v1.0\;C:\Program Files\Intel\DMIX;C:\Program Files\QuickTime\QTSystem\
USERNAME=bmahda00
OS=Windows_NT
PROCESSOR_IDENTIFIER=x86 Family 6 Model 30 Stepping 5, GenuineIntel



---------------  S Y S T E M  ---------------

OS: Windows 7 Build 7600 

CPU:total 8 (8 cores per cpu, 2 threads per core) family 6 model 30 stepping 5, cmov, cx8, fxsr, mmx, sse, sse2, sse3, ssse3, sse4.1, sse4.2, popcnt, ht

Memory: 4k page, physical 3603752k(1255016k free), swap 7205740k(3850648k free)

vm_info: Java HotSpot(TM) Client VM (17.1-b03) for windows-x86 JRE (1.6.0_22-b04), built on Sep 15 2010 00:56:36 by "java_re" with MS VC++ 7.1 (VS2003)

time: Wed Jun 22 15:51:42 2011
elapsed time: 2016 seconds

